[debug] [2024-03-10T15:02:11.875Z] ----------------------------------------------------------------------
[debug] [2024-03-10T15:02:11.876Z] Command:       /usr/local/bin/node /usr/local/bin/firebase init
[debug] [2024-03-10T15:02:11.876Z] CLI Version:   13.4.1
[debug] [2024-03-10T15:02:11.876Z] Platform:      darwin
[debug] [2024-03-10T15:02:11.877Z] Node Version:  v20.11.1
[debug] [2024-03-10T15:02:11.877Z] Time:          Sun Mar 10 2024 20:32:11 GMT+0530 (India Standard Time)
[debug] [2024-03-10T15:02:11.877Z] ----------------------------------------------------------------------
[debug] 
[debug] [2024-03-10T15:02:11.914Z] > command requires scopes: ["email","openid","https://www.googleapis.com/auth/cloudplatformprojects.readonly","https://www.googleapis.com/auth/firebase","https://www.googleapis.com/auth/cloud-platform"]
[debug] [2024-03-10T15:02:11.914Z] > authorizing via signed-in user (prathameshpatil2510@gmail.com)
[info] 
     ######## #### ########  ######## ########     ###     ######  ########
     ##        ##  ##     ## ##       ##     ##  ##   ##  ##       ##
     ######    ##  ########  ######   ########  #########  ######  ######
     ##        ##  ##    ##  ##       ##     ## ##     ##       ## ##
     ##       #### ##     ## ######## ########  ##     ##  ######  ########

You're about to initialize a Firebase project in this directory:

  /Users/prathmesh/Desktop/2mypalm/2my_palm

Before we get started, keep in mind:

  * You are initializing within an existing Firebase project directory

[info] 
=== Project Setup
[info] 
[info] First, let's associate this project directory with a Firebase project.
[info] You can create multiple project aliases by running firebase use --add, 
[info] but for now we'll just set up a default project.
[info] 
[debug] [2024-03-10T15:02:18.125Z] Using project from CLI flag: mypalm-c759b
[debug] [2024-03-10T15:02:18.127Z] >>> [apiv2][query] GET https://firebase.googleapis.com/v1beta1/projects/mypalm-c759b [none]
[debug] [2024-03-10T15:02:18.836Z] <<< [apiv2][status] GET https://firebase.googleapis.com/v1beta1/projects/mypalm-c759b 200
[debug] [2024-03-10T15:02:18.837Z] <<< [apiv2][body] GET https://firebase.googleapis.com/v1beta1/projects/mypalm-c759b {"projectId":"mypalm-c759b","projectNumber":"529234353995","displayName":"2myPalm","name":"projects/mypalm-c759b","resources":{"hostingSite":"mypalm-c759b"},"state":"ACTIVE","etag":"1_57ee9d45-8ee8-4240-9985-86cdc22a8d42"}
[info] i  Using project mypalm-c759b (2myPalm) 
[info] 
=== Hosting Setup
[debug] [2024-03-10T15:02:18.845Z] >>> [apiv2][query] GET https://firebase.googleapis.com/v1beta1/projects/mypalm-c759b [none]
[debug] [2024-03-10T15:02:19.430Z] <<< [apiv2][status] GET https://firebase.googleapis.com/v1beta1/projects/mypalm-c759b 200
[debug] [2024-03-10T15:02:19.430Z] <<< [apiv2][body] GET https://firebase.googleapis.com/v1beta1/projects/mypalm-c759b {"projectId":"mypalm-c759b","projectNumber":"529234353995","displayName":"2myPalm","name":"projects/mypalm-c759b","resources":{"hostingSite":"mypalm-c759b"},"state":"ACTIVE","etag":"1_57ee9d45-8ee8-4240-9985-86cdc22a8d42"}
[info] 
[info] Your public directory is the folder (relative to your project directory) that
[info] will contain Hosting assets to be uploaded with firebase deploy. If you
[info] have a build process for your assets, use your build's output directory.
[info] 
[info] i  Skipping write of out/404.html 
[debug] [2024-03-10T15:03:10.752Z] >>> [apiv2][query] GET https://www.gstatic.com/firebasejs/releases.json [none]
[debug] [2024-03-10T15:03:11.045Z] <<< [apiv2][status] GET https://www.gstatic.com/firebasejs/releases.json 200
[debug] [2024-03-10T15:03:11.045Z] <<< [apiv2][body] GET https://www.gstatic.com/firebasejs/releases.json {"current":{"version":"10.8.1","browserURL":"https://www.gstatic.com/firebasejs/10.8.1/firebase.js","packageURL":"https://www.gstatic.com/firebasejs/10.8.1/firebase.tgz"},"live":{"version":"10.8","browserURL":"https://www.gstatic.com/firebasejs/live/10.8/firebase.js","packageURL":"https://www.gstatic.com/firebasejs/live/10.8/firebase.tgz"},"components":{"analytics":"https://www.gstatic.com/firebasejs/10.8.1/firebase-analytics.js","app":"https://www.gstatic.com/firebasejs/10.8.1/firebase-app.js","app-check":"https://www.gstatic.com/firebasejs/10.8.1/firebase-app-check.js","auth":"https://www.gstatic.com/firebasejs/10.8.1/firebase-auth.js","auth/cordova":"https://www.gstatic.com/firebasejs/10.8.1/firebase-auth/cordova.js","auth/web-extension":"https://www.gstatic.com/firebasejs/10.8.1/firebase-auth/web-extension.js","functions":"https://www.gstatic.com/firebasejs/10.8.1/firebase-functions.js","firestore":"https://www.gstatic.com/firebasejs/10.8.1/firebase-firestore.js","firestore/lite":"https://www.gstatic.com/firebasejs/10.8.1/firebase-firestore/lite.js","installations":"https://www.gstatic.com/firebasejs/10.8.1/firebase-installations.js","storage":"https://www.gstatic.com/firebasejs/10.8.1/firebase-storage.js","performance":"https://www.gstatic.com/firebasejs/10.8.1/firebase-performance.js","remote-config":"https://www.gstatic.com/firebasejs/10.8.1/firebase-remote-config.js","messaging":"https://www.gstatic.com/firebasejs/10.8.1/firebase-messaging.js","messaging/sw":"https://www.gstatic.com/firebasejs/10.8.1/firebase-messaging/sw.js","database":"https://www.gstatic.com/firebasejs/10.8.1/firebase-database.js","firestore.memory":"https://www.gstatic.com/firebasejs/10.8.1/firebase-firestore.memory.js"}}
[info] i  Skipping write of out/index.html 
[info] 
[info] i  Detected a .git folder at /Users/prathmesh/Desktop/2mypalm 
[info] i  Authorizing with GitHub to upload your service account to a GitHub repository's secrets store. 
[info] 
[info] Visit this URL on this device to log in:
[info] https://github.com/login/oauth/authorize?client_id=89cf50f02ac6aaed3484&state=309180444&redirect_uri=http%3A%2F%2Flocalhost%3A9005&scope=read%3Auser%20repo%20public_repo
[info] 
[info] Waiting for authentication...
[debug] [2024-03-10T15:03:16.964Z] >>> [apiv2][query] POST https://github.com/login/oauth/access_token [none]
[debug] [2024-03-10T15:03:16.964Z] >>> [apiv2][body] POST https://github.com/login/oauth/access_token [stream]
[debug] [2024-03-10T15:03:17.556Z] <<< [apiv2][status] POST https://github.com/login/oauth/access_token 200
[debug] [2024-03-10T15:03:17.556Z] <<< [apiv2][body] POST https://github.com/login/oauth/access_token {"access_token":"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","token_type":"bearer","scope":"read:user,repo"}
[debug] [2024-03-10T15:03:17.568Z] >>> [apiv2][query] GET https://api.github.com/user [none]
[debug] [2024-03-10T15:03:18.087Z] <<< [apiv2][status] GET https://api.github.com/user 200
[debug] [2024-03-10T15:03:18.087Z] <<< [apiv2][body] GET https://api.github.com/user {"login":"prathamesh25102000","id":81880631,"node_id":"MDQ6VXNlcjgxODgwNjMx","avatar_url":"https://avatars.githubusercontent.com/u/81880631?v=4","gravatar_id":"","url":"https://api.github.com/users/prathamesh25102000","html_url":"https://github.com/prathamesh25102000","followers_url":"https://api.github.com/users/prathamesh25102000/followers","following_url":"https://api.github.com/users/prathamesh25102000/following{/other_user}","gists_url":"https://api.github.com/users/prathamesh25102000/gists{/gist_id}","starred_url":"https://api.github.com/users/prathamesh25102000/starred{/owner}{/repo}","subscriptions_url":"https://api.github.com/users/prathamesh25102000/subscriptions","organizations_url":"https://api.github.com/users/prathamesh25102000/orgs","repos_url":"https://api.github.com/users/prathamesh25102000/repos","events_url":"https://api.github.com/users/prathamesh25102000/events{/privacy}","received_events_url":"https://api.github.com/users/prathamesh25102000/received_events","type":"User","site_admin":false,"name":"Prathamesh Patil","company":null,"blog":"","location":null,"email":null,"hireable":null,"bio":null,"twitter_username":null,"public_repos":26,"public_gists":0,"followers":1,"following":0,"created_at":"2021-04-03T20:24:29Z","updated_at":"2024-03-06T14:41:31Z","private_gists":0,"total_private_repos":0,"owned_private_repos":0,"disk_usage":7508,"collaborators":0,"two_factor_authentication":false,"plan":{"name":"free","space":976562499,"collaborators":0,"private_repos":10000}}
[info] 
[info] ✔  Success! Logged into GitHub as prathamesh25102000 
[info] 
